payb3/composeApp/build/intermediates/manifest_merge_blame_file/debug/processDebugMainManifest/manifest-merger-blame-debug-report.txt
1<?xml version="1.0" encoding="utf-8"?>
2<manifest xmlns:android="http://schemas.android.com/apk/res/android"
3    package="com.example.paybe"
4    android:versionCode="1"
5    android:versionName="1.0" >
6
7    <uses-sdk
8        android:minSdkVersion="24"
9        android:targetSdkVersion="35" />
10
11    <permission
11-->[androidx.core:core:1.13.1] AndroidManifest.xml:22:5-24:47
12        android:name="com.example.paybe.DYNAMIC_RECEIVER_NOT_EXPORTED_PERMISSION"
12-->[androidx.core:core:1.13.1] AndroidManifest.xml:23:9-81
13        android:protectionLevel="signature" />
13-->[androidx.core:core:1.13.1] AndroidManifest.xml:24:9-44
14
15    <uses-permission android:name="com.example.paybe.DYNAMIC_RECEIVER_NOT_EXPORTED_PERMISSION" />
15-->[androidx.core:core:1.13.1] AndroidManifest.xml:26:5-97
15-->[androidx.core:core:1.13.1] AndroidManifest.xml:26:22-94
16
17    <application
17-->src/androidMain/AndroidManifest.xml:4:5-23:19
18        android:allowBackup="true"
18-->src/androidMain/AndroidManifest.xml:5:9-35
19        android:appComponentFactory="androidx.core.app.CoreComponentFactory"
19-->[androidx.core:core:1.13.1] AndroidManifest.xml:28:18-86
20        android:debuggable="true"
21        android:extractNativeLibs="false"
22        android:icon="@mipmap/ic_launcher"
22-->src/androidMain/AndroidManifest.xml:6:9-43
23        android:label="@string/app_name"
23-->src/androidMain/AndroidManifest.xml:7:9-41
24        android:roundIcon="@mipmap/ic_launcher_round"
24-->src/androidMain/AndroidManifest.xml:8:9-54
25        android:supportsRtl="true"
25-->src/androidMain/AndroidManifest.xml:9:9-35
26        android:testOnly="true"
27        android:theme="@android:style/Theme.Material.Light.NoActionBar" >
27-->src/androidMain/AndroidManifest.xml:10:9-72
28        <activity
28-->src/androidMain/AndroidManifest.xml:11:9-19:20
29            android:name="com.example.paybe.MainActivity"
29-->src/androidMain/AndroidManifest.xml:13:13-41
30            android:exported="true" >
30-->src/androidMain/AndroidManifest.xml:12:13-36
31            <intent-filter>
31-->src/androidMain/AndroidManifest.xml:14:13-18:29
32                <action android:name="android.intent.action.MAIN" />
32-->src/androidMain/AndroidManifest.xml:15:17-69
32-->src/androidMain/AndroidManifest.xml:15:25-66
33
34                <category android:name="android.intent.category.LAUNCHER" />
34-->src/androidMain/AndroidManifest.xml:17:17-77
34-->src/androidMain/AndroidManifest.xml:17:27-74
35            </intent-filter>
36        </activity>
37
38        <meta-data
38-->src/androidMain/AndroidManifest.xml:20:9-22:57
39            android:name="preloaded_fonts"
39-->src/androidMain/AndroidManifest.xml:21:13-43
40            android:resource="@array/preloaded_fonts" />
40-->src/androidMain/AndroidManifest.xml:22:13-54
41
42        <provider
42-->[org.jetbrains.compose.components:components-resources-android:1.8.2] AndroidManifest.xml:8:9-13:20
43            android:name="org.jetbrains.compose.resources.AndroidContextProvider"
43-->[org.jetbrains.compose.components:components-resources-android:1.8.2] AndroidManifest.xml:9:13-82
44            android:authorities="com.example.paybe.resources.AndroidContextProvider"
44-->[org.jetbrains.compose.components:components-resources-android:1.8.2] AndroidManifest.xml:10:13-84
45            android:enabled="true"
45-->[org.jetbrains.compose.components:components-resources-android:1.8.2] AndroidManifest.xml:11:13-35
46            android:exported="false" >
46-->[org.jetbrains.compose.components:components-resources-android:1.8.2] AndroidManifest.xml:12:13-37
47        </provider>
48
49        <activity
49-->[androidx.compose.ui:ui-tooling-android:1.8.2] AndroidManifest.xml:23:9-25:39
50            android:name="androidx.compose.ui.tooling.PreviewActivity"
50-->[androidx.compose.ui:ui-tooling-android:1.8.2] AndroidManifest.xml:24:13-71
51            android:exported="true" />
51-->[androidx.compose.ui:ui-tooling-android:1.8.2] AndroidManifest.xml:25:13-36
52
53        <provider
53-->[androidx.emoji2:emoji2:1.4.0] AndroidManifest.xml:24:9-32:20
54            android:name="androidx.startup.InitializationProvider"
54-->[androidx.emoji2:emoji2:1.4.0] AndroidManifest.xml:25:13-67
55            android:authorities="com.example.paybe.androidx-startup"
55-->[androidx.emoji2:emoji2:1.4.0] AndroidManifest.xml:26:13-68
56            android:exported="false" >
56-->[androidx.emoji2:emoji2:1.4.0] AndroidManifest.xml:27:13-37
57            <meta-data
57-->[androidx.emoji2:emoji2:1.4.0] AndroidManifest.xml:29:13-31:52
58                android:name="androidx.emoji2.text.EmojiCompatInitializer"
58-->[androidx.emoji2:emoji2:1.4.0] AndroidManifest.xml:30:17-75
59                android:value="androidx.startup" />
59-->[androidx.emoji2:emoji2:1.4.0] AndroidManifest.xml:31:17-49
60            <meta-data
60-->[androidx.lifecycle:lifecycle-process:2.9.1] AndroidManifest.xml:29:13-31:52
61                android:name="androidx.lifecycle.ProcessLifecycleInitializer"
61-->[androidx.lifecycle:lifecycle-process:2.9.1] AndroidManifest.xml:30:17-78
62                android:value="androidx.startup" />
62-->[androidx.lifecycle:lifecycle-process:2.9.1] AndroidManifest.xml:31:17-49
63            <meta-data
63-->[androidx.profileinstaller:profileinstaller:1.4.0] AndroidManifest.xml:29:13-31:52
64                android:name="androidx.profileinstaller.ProfileInstallerInitializer"
64-->[androidx.profileinstaller:profileinstaller:1.4.0] AndroidManifest.xml:30:17-85
65                android:value="androidx.startup" />
65-->[androidx.profileinstaller:profileinstaller:1.4.0] AndroidManifest.xml:31:17-49
66        </provider>
67
68        <receiver
68-->[androidx.profileinstaller:profileinstaller:1.4.0] AndroidManifest.xml:34:9-52:20
69            android:name="androidx.profileinstaller.ProfileInstallReceiver"
69-->[androidx.profileinstaller:profileinstaller:1.4.0] AndroidManifest.xml:35:13-76
70            android:directBootAware="false"
70-->[androidx.profileinstaller:profileinstaller:1.4.0] AndroidManifest.xml:36:13-44
71            android:enabled="true"
71-->[androidx.profileinstaller:profileinstaller:1.4.0] AndroidManifest.xml:37:13-35
72            android:exported="true"
72-->[androidx.profileinstaller:profileinstaller:1.4.0] AndroidManifest.xml:38:13-36
73            android:permission="android.permission.DUMP" >
73-->[androidx.profileinstaller:profileinstaller:1.4.0] AndroidManifest.xml:39:13-57
74            <intent-filter>
74-->[androidx.profileinstaller:profileinstaller:1.4.0] AndroidManifest.xml:40:13-42:29
75                <action android:name="androidx.profileinstaller.action.INSTALL_PROFILE" />
75-->[androidx.profileinstaller:profileinstaller:1.4.0] AndroidManifest.xml:41:17-91
75-->[androidx.profileinstaller:profileinstaller:1.4.0] AndroidManifest.xml:41:25-88
76            </intent-filter>
77            <intent-filter>
77-->[androidx.profileinstaller:profileinstaller:1.4.0] AndroidManifest.xml:43:13-45:29
78                <action android:name="androidx.profileinstaller.action.SKIP_FILE" />
78-->[androidx.profileinstaller:profileinstaller:1.4.0] AndroidManifest.xml:44:17-85
78-->[androidx.profileinstaller:profileinstaller:1.4.0] AndroidManifest.xml:44:25-82
79            </intent-filter>
80            <intent-filter>
80-->[androidx.profileinstaller:profileinstaller:1.4.0] AndroidManifest.xml:46:13-48:29
81                <action android:name="androidx.profileinstaller.action.SAVE_PROFILE" />
81-->[androidx.profileinstaller:profileinstaller:1.4.0] AndroidManifest.xml:47:17-88
81-->[androidx.profileinstaller:profileinstaller:1.4.0] AndroidManifest.xml:47:25-85
82            </intent-filter>
83            <intent-filter>
83-->[androidx.profileinstaller:profileinstaller:1.4.0] AndroidManifest.xml:49:13-51:29
84                <action android:name="androidx.profileinstaller.action.BENCHMARK_OPERATION" />
84-->[androidx.profileinstaller:profileinstaller:1.4.0] AndroidManifest.xml:50:17-95
84-->[androidx.profileinstaller:profileinstaller:1.4.0] AndroidManifest.xml:50:25-92
85            </intent-filter>
86        </receiver>
87    </application>
88
89</manifest>